0 info it worked if it ends with ok
1 verbose cli [ 'C:\\Program Files\\nodejs\\node.exe',
1 verbose cli   'C:\\Program Files\\nodejs\\node_modules\\npm\\bin\\npm-cli.js',
1 verbose cli   'run',
1 verbose cli   'prebuild' ]
2 info using npm@3.10.10
3 info using node@v6.14.1
4 verbose run-script [ 'prebuild' ]
5 info lifecycle restserver@1.0.0~prebuild: restserver@1.0.0
6 verbose lifecycle restserver@1.0.0~prebuild: unsafe-perm in lifecycle true
7 verbose lifecycle restserver@1.0.0~prebuild: PATH: C:\Users\salessio\AppData\Roaming\nvm\v6.14.1\node_modules\npm\bin\node-gyp-bin;C:\Users\salessio\Projects\NodeJs-Api-Rest\node_modules\.bin;C:\Users\salessio\Programs\cmder\vendor\conemu-maximus5\ConEmu\Scripts;C:\Users\salessio\Programs\cmder\vendor\conemu-maximus5;C:\Users\salessio\Programs\cmder\vendor\conemu-maximus5\ConEmu;C:\Program Files (x86)\Common Files\Oracle\Java\javapath;C:\Windows\system32;C:\Windows;C:\Windows\System32\Wbem;C:\Windows\System32\WindowsPowerShell\v1.0\;C:\Windows\System32\OpenSSH\;C:\Windows\CCM;C:\Windows\CCM;C:\Windows\CCM;C:\Windows\CCM;C:\Windows\CCM;C:\Windows\CCM;C:\Windows\CCM;C:\Windows\CCM;C:\Windows\CCM;C:\Windows\CCM;C:\Windows\CCM;C:\Program Files (x86)\Intel\Intel(R) Management Engine Components\DAL;C:\Program Files\Intel\Intel(R) Management Engine Components\DAL;C:\Users\salessio\AppData\Roaming\nvm;C:\Program Files\nodejs;C:\Program Files\Git\cmd;C:\Program Files (x86)\Microsoft SQL Server\150\DTS\Binn\;C:\Program Files\dotnet\;C:\Program Files\Microsoft SQL Server\130\Tools\Binn\;C:\Program Files\Microsoft SQL Server\Client SDK\ODBC\170\Tools\Binn\;C:\Program Files\IBM\WebSphere MQ\bin64;C:\Program Files\IBM\WebSphere MQ\bin;C:\Program Files\IBM\WebSphere MQ\tools\c\samples\bin64;C:\Program Files\IBM\WebSphere MQ\tools\c\samples\bin;C:\Program Files\TortoiseSVN\bin;C:\Users\salessio\AppData\Local\Microsoft\WindowsApps;C:\Users\salessio\AppData\Roaming\nvm;C:\Program Files\nodejs;C:\Users\salessio\AppData\Local\Programs\Microsoft VS Code\bin;C:\Program Files\Git\cmd;C:\Program Files\Git\mingw64\bin;C:\Program Files\Git\usr\bin;C:\Users\salessio\Programs\cmder\vendor\bin;C:\Users\salessio\Programs\cmder\bin;C:\Users\salessio\Programs\cmder;C:\Users\salessio\Programs\cmder\vendor\bin;C:\Users\salessio\Programs\cmder
8 verbose lifecycle restserver@1.0.0~prebuild: CWD: C:\Users\salessio\Projects\NodeJs-Api-Rest
9 silly lifecycle restserver@1.0.0~prebuild: Args: [ '/d /s /c', 'tslint -c tslint.json -p tsconfig.json --fix' ]
10 silly lifecycle restserver@1.0.0~prebuild: Returned: code: 2  signal: null
11 info lifecycle restserver@1.0.0~prebuild: Failed to exec prebuild script
12 verbose stack Error: restserver@1.0.0 prebuild: `tslint -c tslint.json -p tsconfig.json --fix`
12 verbose stack Exit status 2
12 verbose stack     at EventEmitter.<anonymous> (C:\Users\salessio\AppData\Roaming\nvm\v6.14.1\node_modules\npm\lib\utils\lifecycle.js:255:16)
12 verbose stack     at emitTwo (events.js:106:13)
12 verbose stack     at EventEmitter.emit (events.js:191:7)
12 verbose stack     at ChildProcess.<anonymous> (C:\Users\salessio\AppData\Roaming\nvm\v6.14.1\node_modules\npm\lib\utils\spawn.js:40:14)
12 verbose stack     at emitTwo (events.js:106:13)
12 verbose stack     at ChildProcess.emit (events.js:191:7)
12 verbose stack     at maybeClose (internal/child_process.js:920:16)
12 verbose stack     at Process.ChildProcess._handle.onexit (internal/child_process.js:230:5)
13 verbose pkgid restserver@1.0.0
14 verbose cwd C:\Users\salessio\Projects\NodeJs-Api-Rest
15 error Windows_NT 10.0.17763
16 error argv "C:\\Program Files\\nodejs\\node.exe" "C:\\Program Files\\nodejs\\node_modules\\npm\\bin\\npm-cli.js" "run" "prebuild"
17 error node v6.14.1
18 error npm  v3.10.10
19 error code ELIFECYCLE
20 error restserver@1.0.0 prebuild: `tslint -c tslint.json -p tsconfig.json --fix`
20 error Exit status 2
21 error Failed at the restserver@1.0.0 prebuild script 'tslint -c tslint.json -p tsconfig.json --fix'.
21 error Make sure you have the latest version of node.js and npm installed.
21 error If you do, this is most likely a problem with the restserver package,
21 error not with npm itself.
21 error Tell the author that this fails on your system:
21 error     tslint -c tslint.json -p tsconfig.json --fix
21 error You can get information on how to open an issue for this project with:
21 error     npm bugs restserver
21 error Or if that isn't available, you can get their info via:
21 error     npm owner ls restserver
21 error There is likely additional logging output above.
22 verbose exit [ 1, true ]
